<?xml version="1.0" encoding="UTF-8"?>
<!-- Generated by org.testng.reporters.JUnitReportReporter -->
<testsuite hostname="WINDOWS-PC" failures="0" tests="1" name="com.inetbanking.testCases.TC_LoginTest_001" time="2.022" errors="0" timestamp="26 Apr 2021 23:20:25 GMT" skipped="0">
  <testcase classname="com.inetbanking.testCases.TC_LoginTest_001" name="loginTest" time="2.022"/>
</testsuite> <!-- com.inetbanking.testCases.TC_LoginTest_001 -->
